{
  "RSpec": {
    "coverage": {
      "/usr/src/app/app/services/task_service.rb": {
        "lines": [
          null,
          null,
          1,
          1,
          null,
          1,
          4,
          null,
          null,
          null,
          1,
          4,
          4,
          3,
          null,
          3,
          null,
          0,
          0,
          null,
          1,
          1,
          null,
          0,
          0,
          null,
          null,
          1,
          null,
          1,
          3,
          3,
          null,
          null,
          1,
          4,
          null,
          4,
          null,
          0,
          null,
          3,
          null,
          0,
          null,
          1,
          null,
          null,
          null
        ]
      },
      "/usr/src/app/app/models/task.rb": {
        "lines": [
          null,
          null,
          1,
          1,
          null,
          1,
          1,
          1,
          1,
          null,
          4,
          null,
          1,
          1,
          1,
          1,
          null,
          1,
          1,
          null,
          null,
          1,
          1,
          null,
          null,
          1,
          1,
          null,
          null,
          null
        ]
      },
      "/usr/src/app/app/models/application_record.rb": {
        "lines": [
          null,
          null,
          1,
          1,
          null
        ]
      },
      "/usr/src/app/app/models/user.rb": {
        "lines": [
          null,
          null,
          1,
          1,
          null,
          1,
          1,
          1,
          1,
          null,
          1,
          null,
          1,
          null,
          1,
          1,
          1,
          null,
          null,
          null,
          1,
          1,
          null,
          0,
          null,
          null,
          1,
          6,
          null,
          null,
          1,
          null,
          1,
          1,
          1,
          null,
          null,
          1,
          1,
          null,
          null
        ]
      },
      "/usr/src/app/app/helpers/application_helper.rb": {
        "lines": [
          null,
          null,
          1,
          null
        ]
      },
      "/usr/src/app/app/helpers/sessions_helper.rb": {
        "lines": [
          null,
          null,
          1,
          1,
          null,
          1,
          5,
          null,
          null,
          1,
          1,
          1,
          1,
          null,
          null,
          1,
          6,
          18,
          null,
          null,
          1,
          167,
          156,
          null,
          0,
          0,
          null,
          0,
          0,
          null,
          null,
          1,
          249,
          null,
          null,
          1,
          2,
          2,
          2,
          null,
          null
        ]
      },
      "/usr/src/app/app/helpers/task_helper.rb": {
        "lines": [
          null,
          null,
          1,
          1,
          70,
          null,
          41,
          null,
          null,
          1,
          7,
          null,
          null
        ]
      },
      "/usr/src/app/app/controllers/application_controller.rb": {
        "lines": [
          null,
          null,
          1,
          1,
          null,
          1,
          1,
          1,
          null,
          null,
          1,
          1,
          null,
          null,
          1,
          null,
          1,
          1,
          1,
          null,
          null,
          1,
          86,
          null,
          null
        ]
      },
      "/usr/src/app/app/controllers/sessions_controller.rb": {
        "lines": [
          null,
          null,
          1,
          1,
          null,
          null,
          1,
          5,
          5,
          5,
          5,
          5,
          null,
          0,
          0,
          null,
          null,
          null,
          1,
          2,
          2,
          null,
          null
        ]
      },
      "/usr/src/app/app/controllers/admin/users_controller.rb": {
        "lines": [
          null,
          null,
          1,
          1,
          1,
          null,
          1,
          13,
          13,
          null,
          null,
          1,
          3,
          null,
          null,
          1,
          2,
          2,
          2,
          null,
          0,
          0,
          0,
          null,
          null,
          null,
          1,
          8,
          8,
          null,
          null,
          1,
          2,
          2,
          null,
          2,
          2,
          2,
          null,
          0,
          0,
          0,
          null,
          null,
          null,
          1,
          2,
          2,
          null,
          2,
          2,
          null,
          null,
          1,
          2,
          2,
          null,
          2,
          2,
          null,
          0,
          0,
          0,
          null,
          null,
          null,
          1,
          null,
          1,
          4,
          null,
          null,
          null
        ]
      },
      "/usr/src/app/app/controllers/tasks_controller.rb": {
        "lines": [
          null,
          null,
          1,
          1,
          null,
          1,
          null,
          1,
          null,
          1,
          22,
          21,
          null,
          null,
          1,
          7,
          null,
          null,
          1,
          3,
          null,
          null,
          1,
          2,
          2,
          2,
          null,
          0,
          0,
          0,
          null,
          null,
          null,
          1,
          4,
          4,
          null,
          null,
          1,
          2,
          2,
          null,
          2,
          2,
          2,
          2,
          2,
          null,
          0,
          0,
          null,
          null,
          null,
          1,
          2,
          2,
          null,
          2,
          2,
          null,
          0,
          0,
          0,
          null,
          null,
          null,
          1,
          null,
          1,
          4,
          null,
          null
        ]
      },
      "/usr/src/app/app/channels/application_cable/channel.rb": {
        "lines": [
          0,
          0,
          0,
          0
        ],
        "branches": {
        }
      },
      "/usr/src/app/app/channels/application_cable/connection.rb": {
        "lines": [
          0,
          0,
          0,
          0
        ],
        "branches": {
        }
      },
      "/usr/src/app/app/jobs/application_job.rb": {
        "lines": [
          0,
          null,
          null,
          null,
          null,
          null,
          0
        ],
        "branches": {
        }
      },
      "/usr/src/app/app/mailers/application_mailer.rb": {
        "lines": [
          0,
          0,
          0,
          0
        ],
        "branches": {
        }
      }
    },
    "timestamp": 1610125355
  }
}
